<?xml version="1.0" encoding="UTF-8"?>
<!-- Generated by org.testng.reporters.JUnitReportReporter -->
<testsuite hostname="DESKTOP-J23KDJH" failures="1" tests="1" name="com.script.TestCase" time="423.445" errors="0" timestamp="2022-08-03T16:44:48 IST" skipped="0">
  <testcase classname="com.script.TestCase" name="TCID_01" time="423.445">
    <failure message="expected [true] but found [false]" type="java.lang.AssertionError">
      <![CDATA[java.lang.AssertionError: expected [true] but found [false]
at org.testng.Assert.fail(Assert.java:110)
at org.testng.Assert.failNotEquals(Assert.java:1413)
at org.testng.Assert.assertTrue(Assert.java:56)
at org.testng.Assert.assertTrue(Assert.java:66)
at com.utilities.CommonFunctions.generateLog(CommonFunctions.java:182)
at com.pages.CreateEnquiryPage.setModel(CreateEnquiryPage.java:546)
at com.views.CreateEnquiryView.loanDetails(CreateEnquiryView.java:90)
at com.script.TestCase.TCID_01(TestCase.java:49)
at java.base/jdk.internal.reflect.NativeMethodAccessorImpl.invoke0(Native Method)
at java.base/jdk.internal.reflect.NativeMethodAccessorImpl.invoke(NativeMethodAccessorImpl.java:77)
at java.base/jdk.internal.reflect.DelegatingMethodAccessorImpl.invoke(DelegatingMethodAccessorImpl.java:43)
at java.base/java.lang.reflect.Method.invoke(Method.java:568)
at org.testng.internal.invokers.MethodInvocationHelper.invokeMethod(MethodInvocationHelper.java:135)
at org.testng.internal.invokers.TestInvoker.invokeMethod(TestInvoker.java:673)
at org.testng.internal.invokers.TestInvoker.invokeTestMethod(TestInvoker.java:220)
at org.testng.internal.invokers.MethodRunner.runInSequence(MethodRunner.java:50)
at org.testng.internal.invokers.TestInvoker$MethodInvocationAgent.invoke(TestInvoker.java:945)
at org.testng.internal.invokers.TestInvoker.invokeTestMethods(TestInvoker.java:193)
at org.testng.internal.invokers.TestMethodWorker.invokeTestMethods(TestMethodWorker.java:146)
at org.testng.internal.invokers.TestMethodWorker.run(TestMethodWorker.java:128)
at java.base/java.util.ArrayList.forEach(ArrayList.java:1511)
at org.testng.TestRunner.privateRun(TestRunner.java:808)
at org.testng.TestRunner.run(TestRunner.java:603)
at org.testng.SuiteRunner.runTest(SuiteRunner.java:429)
at org.testng.SuiteRunner.runSequentially(SuiteRunner.java:423)
at org.testng.SuiteRunner.privateRun(SuiteRunner.java:383)
at org.testng.SuiteRunner.run(SuiteRunner.java:326)
at org.testng.SuiteRunnerWorker.runSuite(SuiteRunnerWorker.java:52)
at org.testng.SuiteRunnerWorker.run(SuiteRunnerWorker.java:95)
at org.testng.TestNG.runSuitesSequentially(TestNG.java:1249)
at org.testng.TestNG.runSuitesLocally(TestNG.java:1169)
at org.testng.TestNG.runSuites(TestNG.java:1092)
at org.testng.TestNG.run(TestNG.java:1060)
at org.testng.remote.AbstractRemoteTestNG.run(AbstractRemoteTestNG.java:115)
at org.testng.remote.RemoteTestNG.initAndRun(RemoteTestNG.java:251)
at org.testng.remote.RemoteTestNG.main(RemoteTestNG.java:77)
]]>
    </failure>
  </testcase> <!-- TCID_01 -->
  <system-out>
    <![CDATA[Click On Accounts link
Click On New Accounts
Click On Person Account
Click On Next button
Click On Salutation List 
Click on Salutation's chevron-down || value : Mr
Set first name Into the textField || value : Auto
Set last name into textfield || value : Test
Set Mobile number into textfield || value : 9849997477
Click on save button
Click on Create enquiry button
Set supplier name into textfield
Click on Supplier Name Option  || value : AASTHA AUTO CONSULTANT # PUNE - MBO (LAXMI MOTORS)
Click On Shared with
Click on SahredWith options
Select SubBusiness Vertical DropDown
Click On GetOTP
Click On ConsentForm
Select Buisness model DropDown
Scroll Down And Click On EMI
Click On save and Continue
Scroll Up, Wait and Select IDproof dropdown
Set ID proof Expiry Date into textField
Set ID proof reference number
click on Upload Document file
Scroll on upload files
Scroll Down, Wait and Select DOB
set DOB into textfield
set SDHO First Name into textfield
set SDHO First Name into textfield
set SDHO First Name into textfield
Set credit card number into textfield
Click On Credit Card bank Textfield
choose credit card bank from the dropdown
Click On Marital status
choose marital status from the dropdown
click on Demographic details link
Select SubBusiness Vertical DropDown
Set Address proof reference number
Click On OKYC status
choose Residence status from the dropdown
click on Upload Document file
set presentAddress  into textfield
set presentAddress2  into textfield
set LandMark into textfield
set Pincode into textfield
Scroll Down till residence status textfield
Click on the distance
choose Residence status from the dropdown
Scroll Down till residence status textfield
Click On Residence status
choose Residence status from the dropdown
Set residing into textfield
Click On Property status
choose Residence status from the dropdown
select same as permenent
Click on button save and continue
Click On Primary Employment Textfield
choose Primary employment option from the list
Click On Type of Employment Textfield
choose Type of employment option from the list
Click On Primary Employment Textfield
click on company name textfield
Set Working Period in textfield
click on save and continue button
Set model in textfield]]>
  </system-out>
</testsuite> <!-- com.script.TestCase -->
